<?xml version="1.0" encoding="UTF-8"?>
<!-- Generated by org.testng.reporters.JUnitReportReporter -->
<testsuite hostname="DESKTOP-9I4PVSE" failures="0" tests="3" name="mavenJenkinsPack.MavenClassProject" time="44.474" errors="0" timestamp="20 Jul 2020 13:01:27 GMT">
  <testcase classname="mavenJenkinsPack.MavenClassProject" name="gridMethod" time="15.341"/>
  <testcase classname="mavenJenkinsPack.MavenClassProject" name="gridMethod" time="13.792"/>
  <testcase classname="mavenJenkinsPack.MavenClassProject" name="gridMethod" time="15.341"/>
</testsuite> <!-- mavenJenkinsPack.MavenClassProject -->
