<?xml version="1.0" encoding="UTF-8"?>
<!-- Generated by org.testng.reporters.JUnitReportReporter -->
<testsuite hostname="DESKTOP-9I4PVSE" failures="0" tests="1" name="mavenJenkinsPack.MavenClassProject" time="13.602" errors="0" timestamp="21 Aug 2020 06:27:43 GMT">
  <testcase classname="mavenJenkinsPack.MavenClassProject" name="gridMethod" time="13.602"/>
</testsuite> <!-- mavenJenkinsPack.MavenClassProject -->
